<?xml version="1.0" encoding="UTF-8"?>
<testsuite xmlns:xsi="http://www.w3.org/2001/XMLSchema-instance" xsi:noNamespaceSchemaLocation="https://maven.apache.org/surefire/maven-surefire-plugin/xsd/surefire-test-report-3.0.xsd" version="3.0" name="com.rumeysablog.runners.TestRunner" time="40.184" tests="7" errors="0" skipped="0" failures="0">
  <properties>
[...]
</properties>
  <testcase name="Kullanıcı blog anasayfasındaki temel bilgileri görebilmeli" classname="Blog Anasayfa Testleri" time="9.255">
    <system-out><![CDATA[
@ui @regression @smoke
Scenario: Kullanıcı blog anasayfasındaki temel bilgileri görebilmeli   # src/test/resources/features/home.feature:5

    Test Başlangıç Zamanı: 2025-01-21T11:02:41.222731800


    Browser: chrome

  Given kullanıcı blog anasayfasında                                   # com.rumeysablog.steps.HomePageSteps.kullaniciBlogAnasayfasinda()
  Then kullanıcı "Nazife Rumeysa Kısacık" ismini görmeli               # com.rumeysablog.steps.HomePageSteps.kullaniciIsmiGormeli(java.lang.String)
  And kullanıcı "Full Stack Automation Test Engineer" ünvanını görmeli # com.rumeysablog.steps.HomePageSteps.kullaniciUnvaniGormeli(java.lang.String)
  And kullanıcı aşağıdaki navigasyon linklerini görmeli                # com.rumeysablog.steps.HomePageSteps.kullaniciNavigasyonLinlkeriniGormeli(java.util.List<java.lang.String>)
    | Ana Sayfa |
    | Hakkımda  |
    | Blog      |
    | İletişim  |
]]></system-out>
    <system-err><![CDATA[[main] INFO com.rumeysablog.utils.DriverManager - Initializing chrome browser
[main] INFO io.github.bonigarcia.wdm.WebDriverManager - Using chromedriver 132.0.6834.83 (resolved driver for Chrome 132)
[main] INFO io.github.bonigarcia.wdm.online.Downloader - Downloading https://storage.googleapis.com/chrome-for-testing-public/132.0.6834.83/win64/chromedriver-win64.zip
[main] INFO io.github.bonigarcia.wdm.online.Downloader - Extracting driver from compressed file chromedriver-win64.zip
[main] INFO io.github.bonigarcia.wdm.WebDriverManager - Exporting webdriver.chrome.driver as C:\Users\HASVET\.cache\selenium\chromedriver\win64\132.0.6834.83\chromedriver.exe
Oca 21, 2025 11:02:40 ÖÖ org.openqa.selenium.devtools.CdpVersionFinder findNearestMatch
WARNING: Unable to find CDP implementation matching 132
Oca 21, 2025 11:02:40 ÖÖ org.openqa.selenium.chromium.ChromiumDriver lambda$new$5
WARNING: Unable to find version of CDP to use for 132.0.6834.83. You may need to include a dependency on a specific version of the CDP using something similar to `org.seleniumhq.selenium:selenium-devtools-v86:4.16.1` where the version ("v86") matches the version of the chromium-based browser you're using and the version number of the artifact is the same as Selenium's.
[main] INFO com.rumeysablog.hooks.TestHooks - Senaryo başlıyor: Kullanıcı blog anasayfasındaki temel bilgileri görebilmeli
[main] INFO com.rumeysablog.steps.HomePageSteps - Blog anasayfası açılıyor
[main] INFO com.rumeysablog.steps.HomePageSteps - İsim kontrolü yapılıyor: Nazife Rumeysa Kısacık
[main] INFO com.rumeysablog.pages.BasePage - Waiting for element to be visible: [[ChromeDriver: chrome on windows (485e48d8e597fdd9186a79c391ff2346)] -> css selector: .hero-content h1]
[main] INFO com.rumeysablog.pages.BasePage - Waiting for element to be visible: [[ChromeDriver: chrome on windows (485e48d8e597fdd9186a79c391ff2346)] -> css selector: .hero-content h2]
[main] INFO com.rumeysablog.pages.BasePage - Waiting for element to be visible: [[ChromeDriver: chrome on windows (485e48d8e597fdd9186a79c391ff2346)] -> css selector: .nav-links li a]
[main] INFO com.rumeysablog.hooks.TestHooks - Senaryo başarıyla tamamlandı: Kullanıcı blog anasayfasındaki temel bilgileri görebilmeli
[main] INFO com.rumeysablog.utils.DriverManager - Closing browser
]]></system-err>
  </testcase>
  <testcase name="Kullanıcı sosyal medya linklerini görebilmeli" classname="Blog Anasayfa Testleri" time="4.218">
    <system-out><![CDATA[
@ui @regression @smoke
Scenario: Kullanıcı sosyal medya linklerini görebilmeli # src/test/resources/features/home.feature:16

    Test Başlangıç Zamanı: 2025-01-21T11:02:44.459482600


    Browser: chrome

  Given kullanıcı blog anasayfasında                    # com.rumeysablog.steps.HomePageSteps.kullaniciBlogAnasayfasinda()
  Then kullanıcı LinkedIn profil linkini görmeli        # com.rumeysablog.steps.HomePageSteps.kullaniciLinkedInLinkiniGormeli()
  And kullanıcı GitHub profil linkini görmeli           # com.rumeysablog.steps.HomePageSteps.kullaniciGitHubLinkiniGormeli()
]]></system-out>
    <system-err><![CDATA[[main] INFO com.rumeysablog.utils.DriverManager - Initializing chrome browser
[main] INFO io.github.bonigarcia.wdm.WebDriverManager - Using chromedriver 132.0.6834.83 (resolved driver for Chrome 132)
[main] INFO io.github.bonigarcia.wdm.WebDriverManager - Exporting webdriver.chrome.driver as C:\Users\HASVET\.cache\selenium\chromedriver\win64\132.0.6834.83\chromedriver.exe
Oca 21, 2025 11:02:44 ÖÖ org.openqa.selenium.devtools.CdpVersionFinder findNearestMatch
WARNING: Unable to find CDP implementation matching 132
Oca 21, 2025 11:02:44 ÖÖ org.openqa.selenium.chromium.ChromiumDriver lambda$new$5
WARNING: Unable to find version of CDP to use for 132.0.6834.83. You may need to include a dependency on a specific version of the CDP using something similar to `org.seleniumhq.selenium:selenium-devtools-v86:4.16.1` where the version ("v86") matches the version of the chromium-based browser you're using and the version number of the artifact is the same as Selenium's.
[main] INFO com.rumeysablog.hooks.TestHooks - Senaryo başlıyor: Kullanıcı sosyal medya linklerini görebilmeli
[main] INFO com.rumeysablog.steps.HomePageSteps - Blog anasayfası açılıyor
[main] INFO com.rumeysablog.pages.BasePage - Waiting for element to be visible: [[ChromeDriver: chrome on windows (e87b5e36abc3258682fc9def253eb51d)] -> css selector: .hero-social .fa-linkedin]
[main] INFO com.rumeysablog.pages.BasePage - Waiting for element to be visible: [[ChromeDriver: chrome on windows (e87b5e36abc3258682fc9def253eb51d)] -> css selector: .hero-social .fa-github]
[main] INFO com.rumeysablog.hooks.TestHooks - Senaryo başarıyla tamamlandı: Kullanıcı sosyal medya linklerini görebilmeli
[main] INFO com.rumeysablog.utils.DriverManager - Closing browser
]]></system-err>
  </testcase>
  <testcase name="Kullanıcı hakkımda bölümünü görüntüleyebilmeli" classname="Blog Anasayfa Testleri" time="3.936">
    <system-out><![CDATA[
@ui @regression
Scenario: Kullanıcı hakkımda bölümünü görüntüleyebilmeli # src/test/resources/features/home.feature:21

    Test Başlangıç Zamanı: 2025-01-21T11:02:48.835618100


    Browser: chrome

  Given kullanıcı blog anasayfasında                     # com.rumeysablog.steps.HomePageSteps.kullaniciBlogAnasayfasinda()
  When kullanıcı Hakkımda bölümüne gider                 # com.rumeysablog.steps.HomePageSteps.kullaniciHakkimdaBolumuneGider()
  Then kullanıcı yetenekler bölümünü görmeli             # com.rumeysablog.steps.HomePageSteps.kullaniciYeteneklerBolumunuGormeli()
  And kullanıcı deneyim bölümünü görmeli                 # com.rumeysablog.steps.HomePageSteps.kullaniciDeneyimBolumunuGormeli()
  And kullanıcı eğitim bölümünü görmeli                  # com.rumeysablog.steps.HomePageSteps.kullaniciEgitimBolumunuGormeli()
]]></system-out>
    <system-err><![CDATA[[main] INFO com.rumeysablog.utils.DriverManager - Initializing chrome browser
[main] INFO io.github.bonigarcia.wdm.WebDriverManager - Using chromedriver 132.0.6834.83 (resolved driver for Chrome 132)
[main] INFO io.github.bonigarcia.wdm.WebDriverManager - Exporting webdriver.chrome.driver as C:\Users\HASVET\.cache\selenium\chromedriver\win64\132.0.6834.83\chromedriver.exe
Oca 21, 2025 11:02:48 ÖÖ org.openqa.selenium.devtools.CdpVersionFinder findNearestMatch
WARNING: Unable to find CDP implementation matching 132
Oca 21, 2025 11:02:48 ÖÖ org.openqa.selenium.chromium.ChromiumDriver lambda$new$5
WARNING: Unable to find version of CDP to use for 132.0.6834.83. You may need to include a dependency on a specific version of the CDP using something similar to `org.seleniumhq.selenium:selenium-devtools-v86:4.16.1` where the version ("v86") matches the version of the chromium-based browser you're using and the version number of the artifact is the same as Selenium's.
[main] INFO com.rumeysablog.hooks.TestHooks - Senaryo başlıyor: Kullanıcı hakkımda bölümünü görüntüleyebilmeli
[main] INFO com.rumeysablog.steps.HomePageSteps - Blog anasayfası açılıyor
[main] INFO com.rumeysablog.pages.BasePage - Waiting for element to be visible: [[ChromeDriver: chrome on windows (330899bbd947c981e351b40fa305991b)] -> css selector: .skills-section]
[main] INFO com.rumeysablog.pages.BasePage - Waiting for element to be visible: [[ChromeDriver: chrome on windows (330899bbd947c981e351b40fa305991b)] -> css selector: .experience-section]
[main] INFO com.rumeysablog.pages.BasePage - Waiting for element to be visible: [[ChromeDriver: chrome on windows (330899bbd947c981e351b40fa305991b)] -> css selector: .education-section]
[main] INFO com.rumeysablog.hooks.TestHooks - Senaryo başarıyla tamamlandı: Kullanıcı hakkımda bölümünü görüntüleyebilmeli
[main] INFO com.rumeysablog.utils.DriverManager - Closing browser
]]></system-err>
  </testcase>
  <testcase name="Anasayfadaki kişisel bilgilerin doğrulanması" classname="Blog Anasayfa Fonksiyonları" time="3.678">
    <system-out><![CDATA[
Scenario: Anasayfadaki kişisel bilgilerin doğrulanması                 # src/test/resources/features/homepage.feature:6

    Test Başlangıç Zamanı: 2025-01-21T11:02:52.781632100


    Browser: chrome

  Given kullanıcı blog anasayfasında                                   # com.rumeysablog.steps.HomePageSteps.kullaniciBlogAnasayfasinda()
  Then kullanıcı "Nazife Rumeysa Kısacık" ismini görmeli               # com.rumeysablog.steps.HomePageSteps.kullaniciIsmiGormeli(java.lang.String)
  And kullanıcı "Full Stack Automation Test Engineer" ünvanını görmeli # com.rumeysablog.steps.HomePageSteps.kullaniciUnvaniGormeli(java.lang.String)
]]></system-out>
    <system-err><![CDATA[[main] INFO com.rumeysablog.utils.DriverManager - Initializing chrome browser
[main] INFO io.github.bonigarcia.wdm.WebDriverManager - Using chromedriver 132.0.6834.83 (resolved driver for Chrome 132)
[main] INFO io.github.bonigarcia.wdm.WebDriverManager - Exporting webdriver.chrome.driver as C:\Users\HASVET\.cache\selenium\chromedriver\win64\132.0.6834.83\chromedriver.exe
Oca 21, 2025 11:02:52 ÖÖ org.openqa.selenium.devtools.CdpVersionFinder findNearestMatch
WARNING: Unable to find CDP implementation matching 132
Oca 21, 2025 11:02:52 ÖÖ org.openqa.selenium.chromium.ChromiumDriver lambda$new$5
WARNING: Unable to find version of CDP to use for 132.0.6834.83. You may need to include a dependency on a specific version of the CDP using something similar to `org.seleniumhq.selenium:selenium-devtools-v86:4.16.1` where the version ("v86") matches the version of the chromium-based browser you're using and the version number of the artifact is the same as Selenium's.
[main] INFO com.rumeysablog.hooks.TestHooks - Senaryo başlıyor: Anasayfadaki kişisel bilgilerin doğrulanması
[main] INFO com.rumeysablog.steps.HomePageSteps - Blog anasayfası açılıyor
[main] INFO com.rumeysablog.steps.HomePageSteps - İsim kontrolü yapılıyor: Nazife Rumeysa Kısacık
[main] INFO com.rumeysablog.pages.BasePage - Waiting for element to be visible: [[ChromeDriver: chrome on windows (3bea19c8f8ffeb0580e40f77280ba9e7)] -> css selector: .hero-content h1]
[main] INFO com.rumeysablog.pages.BasePage - Waiting for element to be visible: [[ChromeDriver: chrome on windows (3bea19c8f8ffeb0580e40f77280ba9e7)] -> css selector: .hero-content h2]
[main] INFO com.rumeysablog.hooks.TestHooks - Senaryo başarıyla tamamlandı: Anasayfadaki kişisel bilgilerin doğrulanması
[main] INFO com.rumeysablog.utils.DriverManager - Closing browser
]]></system-err>
  </testcase>
  <testcase name="Navigasyon linklerinin doğrulanması" classname="Blog Anasayfa Fonksiyonları" time="3.652">
    <system-out><![CDATA[
Scenario: Navigasyon linklerinin doğrulanması            # src/test/resources/features/homepage.feature:10

    Test Başlangıç Zamanı: 2025-01-21T11:02:56.356166900


    Browser: chrome

  Given kullanıcı blog anasayfasında                     # com.rumeysablog.steps.HomePageSteps.kullaniciBlogAnasayfasinda()
  Then kullanıcı aşağıdaki navigasyon linklerini görmeli # com.rumeysablog.steps.HomePageSteps.kullaniciNavigasyonLinlkeriniGormeli(java.util.List<java.lang.String>)
    | Ana Sayfa |
    | Hakkımda  |
    | Blog      |
    | İletişim  |
]]></system-out>
    <system-err><![CDATA[[main] INFO com.rumeysablog.utils.DriverManager - Initializing chrome browser
[main] INFO io.github.bonigarcia.wdm.WebDriverManager - Using chromedriver 132.0.6834.83 (resolved driver for Chrome 132)
[main] INFO io.github.bonigarcia.wdm.WebDriverManager - Exporting webdriver.chrome.driver as C:\Users\HASVET\.cache\selenium\chromedriver\win64\132.0.6834.83\chromedriver.exe
Oca 21, 2025 11:02:56 ÖÖ org.openqa.selenium.devtools.CdpVersionFinder findNearestMatch
WARNING: Unable to find CDP implementation matching 132
Oca 21, 2025 11:02:56 ÖÖ org.openqa.selenium.chromium.ChromiumDriver lambda$new$5
WARNING: Unable to find version of CDP to use for 132.0.6834.83. You may need to include a dependency on a specific version of the CDP using something similar to `org.seleniumhq.selenium:selenium-devtools-v86:4.16.1` where the version ("v86") matches the version of the chromium-based browser you're using and the version number of the artifact is the same as Selenium's.
[main] INFO com.rumeysablog.hooks.TestHooks - Senaryo başlıyor: Navigasyon linklerinin doğrulanması
[main] INFO com.rumeysablog.steps.HomePageSteps - Blog anasayfası açılıyor
[main] INFO com.rumeysablog.pages.BasePage - Waiting for element to be visible: [[ChromeDriver: chrome on windows (d9d282ca74aa18b63529b5d826371577)] -> css selector: .nav-links li a]
[main] INFO com.rumeysablog.hooks.TestHooks - Senaryo başarıyla tamamlandı: Navigasyon linklerinin doğrulanması
[main] INFO com.rumeysablog.utils.DriverManager - Closing browser
]]></system-err>
  </testcase>
  <testcase name="Sosyal medya linklerinin doğrulanması" classname="Blog Anasayfa Fonksiyonları" time="3.913">
    <system-out><![CDATA[
Scenario: Sosyal medya linklerinin doğrulanması  # src/test/resources/features/homepage.feature:17

    Test Başlangıç Zamanı: 2025-01-21T11:02:59.944345300


    Browser: chrome

  Given kullanıcı blog anasayfasında             # com.rumeysablog.steps.HomePageSteps.kullaniciBlogAnasayfasinda()
  Then kullanıcı LinkedIn profil linkini görmeli # com.rumeysablog.steps.HomePageSteps.kullaniciLinkedInLinkiniGormeli()
  And kullanıcı GitHub profil linkini görmeli    # com.rumeysablog.steps.HomePageSteps.kullaniciGitHubLinkiniGormeli()
]]></system-out>
    <system-err><![CDATA[[main] INFO com.rumeysablog.utils.DriverManager - Initializing chrome browser
[main] INFO io.github.bonigarcia.wdm.WebDriverManager - Using chromedriver 132.0.6834.83 (resolved driver for Chrome 132)
[main] INFO io.github.bonigarcia.wdm.WebDriverManager - Exporting webdriver.chrome.driver as C:\Users\HASVET\.cache\selenium\chromedriver\win64\132.0.6834.83\chromedriver.exe
Oca 21, 2025 11:02:59 ÖÖ org.openqa.selenium.devtools.CdpVersionFinder findNearestMatch
WARNING: Unable to find CDP implementation matching 132
Oca 21, 2025 11:02:59 ÖÖ org.openqa.selenium.chromium.ChromiumDriver lambda$new$5
WARNING: Unable to find version of CDP to use for 132.0.6834.83. You may need to include a dependency on a specific version of the CDP using something similar to `org.seleniumhq.selenium:selenium-devtools-v86:4.16.1` where the version ("v86") matches the version of the chromium-based browser you're using and the version number of the artifact is the same as Selenium's.
[main] INFO com.rumeysablog.hooks.TestHooks - Senaryo başlıyor: Sosyal medya linklerinin doğrulanması
[main] INFO com.rumeysablog.steps.HomePageSteps - Blog anasayfası açılıyor
[main] INFO com.rumeysablog.pages.BasePage - Waiting for element to be visible: [[ChromeDriver: chrome on windows (01ba568fc78709e1dd5d43e60ab1397f)] -> css selector: .hero-social .fa-linkedin]
[main] INFO com.rumeysablog.pages.BasePage - Waiting for element to be visible: [[ChromeDriver: chrome on windows (01ba568fc78709e1dd5d43e60ab1397f)] -> css selector: .hero-social .fa-github]
[main] INFO com.rumeysablog.hooks.TestHooks - Senaryo başarıyla tamamlandı: Sosyal medya linklerinin doğrulanması
[main] INFO com.rumeysablog.utils.DriverManager - Closing browser
]]></system-err>
  </testcase>
  <testcase name="Hakkımda bölümü içeriğinin doğrulanması" classname="Blog Anasayfa Fonksiyonları" time="4.149">
    <system-out><![CDATA[
Scenario: Hakkımda bölümü içeriğinin doğrulanması # src/test/resources/features/homepage.feature:21

    Test Başlangıç Zamanı: 2025-01-21T11:03:04.039407800


    Browser: chrome

  Given kullanıcı blog anasayfasında              # com.rumeysablog.steps.HomePageSteps.kullaniciBlogAnasayfasinda()
  When kullanıcı Hakkımda bölümüne gider          # com.rumeysablog.steps.HomePageSteps.kullaniciHakkimdaBolumuneGider()
  Then kullanıcı yetenekler bölümünü görmeli      # com.rumeysablog.steps.HomePageSteps.kullaniciYeteneklerBolumunuGormeli()
  And kullanıcı deneyim bölümünü görmeli          # com.rumeysablog.steps.HomePageSteps.kullaniciDeneyimBolumunuGormeli()
  And kullanıcı eğitim bölümünü görmeli           # com.rumeysablog.steps.HomePageSteps.kullaniciEgitimBolumunuGormeli()
]]></system-out>
    <system-err><![CDATA[[main] INFO com.rumeysablog.utils.DriverManager - Initializing chrome browser
[main] INFO io.github.bonigarcia.wdm.WebDriverManager - Using chromedriver 132.0.6834.83 (resolved driver for Chrome 132)
[main] INFO io.github.bonigarcia.wdm.WebDriverManager - Exporting webdriver.chrome.driver as C:\Users\HASVET\.cache\selenium\chromedriver\win64\132.0.6834.83\chromedriver.exe
Oca 21, 2025 11:03:03 ÖÖ org.openqa.selenium.devtools.CdpVersionFinder findNearestMatch
WARNING: Unable to find CDP implementation matching 132
Oca 21, 2025 11:03:03 ÖÖ org.openqa.selenium.chromium.ChromiumDriver lambda$new$5
WARNING: Unable to find version of CDP to use for 132.0.6834.83. You may need to include a dependency on a specific version of the CDP using something similar to `org.seleniumhq.selenium:selenium-devtools-v86:4.16.1` where the version ("v86") matches the version of the chromium-based browser you're using and the version number of the artifact is the same as Selenium's.
[main] INFO com.rumeysablog.hooks.TestHooks - Senaryo başlıyor: Hakkımda bölümü içeriğinin doğrulanması
[main] INFO com.rumeysablog.steps.HomePageSteps - Blog anasayfası açılıyor
[main] INFO com.rumeysablog.pages.BasePage - Waiting for element to be visible: [[ChromeDriver: chrome on windows (d6d1662b586d42c683974793b110aaf7)] -> css selector: .skills-section]
[main] INFO com.rumeysablog.pages.BasePage - Waiting for element to be visible: [[ChromeDriver: chrome on windows (d6d1662b586d42c683974793b110aaf7)] -> css selector: .experience-section]
[main] INFO com.rumeysablog.pages.BasePage - Waiting for element to be visible: [[ChromeDriver: chrome on windows (d6d1662b586d42c683974793b110aaf7)] -> css selector: .education-section]
[main] INFO com.rumeysablog.hooks.TestHooks - Senaryo başarıyla tamamlandı: Hakkımda bölümü içeriğinin doğrulanması
[main] INFO com.rumeysablog.utils.DriverManager - Closing browser
]]></system-err>
  </testcase>
</testsuite>